heartbeat: a real 0.01-SOV transfer every 3000ms (+ a real PoW mint every 5th tick); Ctrl-C to stop
tick    1  height     9  final true  tx 76440ea365a7  alice 2231.99 SOV  bob 2018.01 SOV
tick    2  height    10  final true  tx cdc49c6db2d0  alice 2231.98 SOV  bob 2018.02 SOV
tick    3  height    11  final true  tx 7fa9df10bc8a  alice 2231.97 SOV  bob 2018.03 SOV
tick    4  height    12  final true  tx 4b0cf2bb9cb8  alice 2231.96 SOV  bob 2018.04 SOV
tick    5  height    13  final true  tx 6d8470b78f77  alice 2231.95 SOV  bob 2018.05 SOV
tick    6  height    14  final true  tx bdae0c563c6e  alice 2231.94 SOV  bob 2018.06 SOV
tick    7  height    15  final true  tx f7193feeeed1  alice 2231.93 SOV  bob 2018.07 SOV
tick    8  height    16  final true  tx 751d496d3670  alice 2231.92 SOV  bob 2018.08 SOV
tick    9  height    17  final true  tx 8a332040e5da  alice 2231.91 SOV  bob 2018.09 SOV
tick   10  height    18  final true  tx b94742524a7b  alice 2231.9 SOV  bob 2018.1 SOV
tick   11  height    19  final true  tx bf8755fbaf50  alice 2231.89 SOV  bob 2018.11 SOV
tick   12  height    20  final true  tx 773b498365a6  alice 2231.88 SOV  bob 2018.12 SOV
tick   13  height    21  final true  tx 03ea287806c9  alice 2231.87 SOV  bob 2018.13 SOV
tick   14  height    22  final true  tx 17b9f6176523  alice 2231.86 SOV  bob 2018.14 SOV
tick   15  height    23  final true  tx 052e1c22e967  alice 2231.85 SOV  bob 2018.15 SOV
tick   16  height    24  final true  tx 560d8f78d61e  alice 2231.84 SOV  bob 2018.16 SOV
tick   17  height    25  final true  tx 0bcbd3fec7ee  alice 2231.83 SOV  bob 2018.17 SOV
tick   18  height    26  final true  tx 5403bbf9392c  alice 2231.82 SOV  bob 2018.18 SOV
tick   19  height    27  final true  tx 9d90e1c4bfe3  alice 2231.81 SOV  bob 2018.19 SOV
tick   20  height    28  final true  tx f783a402eae0  alice 2231.8 SOV  bob 2018.2 SOV
tick   21  height    29  final true  tx 93f43f437ba3  alice 2231.79 SOV  bob 2018.21 SOV
tick   22  height    30  final true  tx 49c0d57f1949  alice 2231.78 SOV  bob 2018.22 SOV
tick   23  height    31  final true  tx 280f006ed957  alice 2231.77 SOV  bob 2018.23 SOV
tick   24  height    32  final true  tx 249ff71d3910  alice 2231.76 SOV  bob 2018.24 SOV
tick   25  height    33  final true  tx 21e1b9807dcb  alice 2231.75 SOV  bob 2018.25 SOV
tick   26  height    34  final true  tx 1d15cad775a2  alice 2231.74 SOV  bob 2018.26 SOV
tick   27  height    35  final true  tx b6d242b7ff82  alice 2231.73 SOV  bob 2018.27 SOV
tick   28  height    36  final true  tx fe2f68ffeaf3  alice 2231.72 SOV  bob 2018.28 SOV
tick   29  height    37  final true  tx 8a328c04cd42  alice 2231.71 SOV  bob 2018.29 SOV
tick   30  height    38  final true  tx 1552f74955c1  alice 2231.7 SOV  bob 2018.3 SOV
tick   31  height    39  final true  tx ae0d09c3c0e2  alice 2231.69 SOV  bob 2018.31 SOV
tick   32  height    40  final true  tx 15ac5e62da95  alice 2231.68 SOV  bob 2018.32 SOV
tick   33  height    41  final true  tx 76034591832d  alice 2231.67 SOV  bob 2018.33 SOV
tick   34  height    42  final true  tx a706f9efa4d8  alice 2231.66 SOV  bob 2018.34 SOV
tick   35  height    43  final true  tx a4601371ab0d  alice 2231.65 SOV  bob 2018.35 SOV
tick   36  height    44  final true  tx 1acd5493efa2  alice 2231.64 SOV  bob 2018.36 SOV
tick   37  height    45  final true  tx bbc965b89601  alice 2231.63 SOV  bob 2018.37 SOV
tick   38  height    46  final true  tx bd7baa70b9d1  alice 2231.62 SOV  bob 2018.38 SOV
tick   39  height    47  final true  tx e6da3f9f32b0  alice 2231.61 SOV  bob 2018.39 SOV
tick   40  height    48  final true  tx 705caece3a76  alice 2231.6 SOV  bob 2018.4 SOV
tick   41  height    49  final true  tx f5c610934b3b  alice 2231.59 SOV  bob 2018.41 SOV
tick   42  height    50  final true  tx 34be82654093  alice 2231.58 SOV  bob 2018.42 SOV
tick   43  height    51  final true  tx 9b1f085b657c  alice 2231.57 SOV  bob 2018.43 SOV
tick   44  height    52  final true  tx b656b3699dd1  alice 2231.56 SOV  bob 2018.44 SOV
tick   45  height    53  final true  tx 221b1a7d8959  alice 2231.55 SOV  bob 2018.45 SOV
tick   46  height    54  final true  tx 065bba3ba1f0  alice 2231.54 SOV  bob 2018.46 SOV
tick   47  height    55  final true  tx 4174caf99b86  alice 2231.53 SOV  bob 2018.47 SOV
tick   48  height    56  final true  tx 0023fd48ae96  alice 2231.52 SOV  bob 2018.48 SOV
tick   49  height    57  final true  tx d5611ef54d50  alice 2231.51 SOV  bob 2018.49 SOV
tick   50  height    58  final true  tx 9669291c21c6  alice 2231.5 SOV  bob 2018.5 SOV
tick   51  height    59  final true  tx c853e2ea1dfc  alice 2231.49 SOV  bob 2018.51 SOV
tick   52  height    60  final true  tx 94cf49103b1e  alice 2231.48 SOV  bob 2018.52 SOV
tick   53  height    61  final true  tx 7d3872fa0865  alice 2231.47 SOV  bob 2018.53 SOV
tick   54  height    62  final true  tx 98dd33995e3f  alice 2231.46 SOV  bob 2018.54 SOV
tick   55  height    63  final true  tx e74e79d7f766  alice 2231.45 SOV  bob 2018.55 SOV
tick   56  height    64  final true  tx 5f6a74d6eda2  alice 2231.44 SOV  bob 2018.56 SOV
tick   57  height    65  final true  tx 3e928148c5f2  alice 2231.43 SOV  bob 2018.57 SOV
tick   58  height    66  final true  tx aaa7636a6930  alice 2231.42 SOV  bob 2018.58 SOV
tick   59  height    67  final true  tx 52cb319ad6a7  alice 2231.41 SOV  bob 2018.59 SOV
tick   60  height    68  final true  tx 5f7e1bcc723b  alice 2231.4 SOV  bob 2018.6 SOV
tick   61  height    69  final true  tx 1b34b5b234a3  alice 2231.39 SOV  bob 2018.61 SOV
tick   62  height    70  final true  tx 8ef99b860c8b  alice 2231.38 SOV  bob 2018.62 SOV
tick   63  height    71  final true  tx 0ec16263ba0e  alice 2231.37 SOV  bob 2018.63 SOV
tick   64  height    72  final true  tx c2b415d6dee0  alice 2231.36 SOV  bob 2018.64 SOV
tick   65  height    73  final true  tx 2d6bb7591cec  alice 2231.35 SOV  bob 2018.65 SOV
tick   66  height    74  final true  tx 906a4fdc5da1  alice 2231.34 SOV  bob 2018.66 SOV
tick   67  height    75  final true  tx 0340f7906dfa  alice 2231.33 SOV  bob 2018.67 SOV
tick   68  height    76  final true  tx 625c67c519a5  alice 2231.32 SOV  bob 2018.68 SOV
tick   69  height    77  final true  tx 0c32eee57019  alice 2231.31 SOV  bob 2018.69 SOV
tick   70  height    78  final true  tx 0fa88f6c8c91  alice 2231.3 SOV  bob 2018.7 SOV
tick   71  height    79  final true  tx c7a65dd2ad3a  alice 2231.29 SOV  bob 2018.71 SOV
tick   72  height    80  final true  tx e8b7e8c4e961  alice 2231.28 SOV  bob 2018.72 SOV
tick   73  height    81  final true  tx e92c70b2cb29  alice 2231.27 SOV  bob 2018.73 SOV
tick   74  height    82  final true  tx 0c4f76606381  alice 2231.26 SOV  bob 2018.74 SOV
tick   75  height    83  final true  tx 959f25522a3c  alice 2231.25 SOV  bob 2018.75 SOV
tick   76  height    84  final true  tx 93688d4219a1  alice 2231.24 SOV  bob 2018.76 SOV
tick   77  height    85  final true  tx b4ba4a06597b  alice 2231.23 SOV  bob 2018.77 SOV
tick   78  height    86  final true  tx 21065866287d  alice 2231.22 SOV  bob 2018.78 SOV
tick   79  height    87  final true  tx 6136c1d79cf5  alice 2231.21 SOV  bob 2018.79 SOV
tick   80  height    88  final true  tx aee379aa2d6f  alice 2231.2 SOV  bob 2018.8 SOV
tick   81  height    89  final true  tx 00c46503425c  alice 2231.19 SOV  bob 2018.81 SOV
tick   82  height    90  final true  tx fd6022daa469  alice 2231.18 SOV  bob 2018.82 SOV
tick   83  height    91  final true  tx 605b3e82916b  alice 2231.17 SOV  bob 2018.83 SOV
tick   84  height    92  final true  tx de7878a5efc4  alice 2231.16 SOV  bob 2018.84 SOV
tick   85  height    93  final true  tx 391732ba2b2a  alice 2231.15 SOV  bob 2018.85 SOV
tick   86  height    94  final true  tx e71bb9f42c85  alice 2231.14 SOV  bob 2018.86 SOV
tick   87  height    95  final true  tx 9ea11b155cfb  alice 2231.13 SOV  bob 2018.87 SOV
tick   88  height    96  final true  tx a3f2c804b009  alice 2231.12 SOV  bob 2018.88 SOV
tick   89  height    97  final true  tx 8a404626a101  alice 2231.11 SOV  bob 2018.89 SOV
tick   90  height    98  final true  tx 0fcf442327be  alice 2231.1 SOV  bob 2018.9 SOV
tick   91  height    99  final true  tx e29f43629a08  alice 2231.09 SOV  bob 2018.91 SOV
tick   92  height   100  final true  tx 662dafd2e128  alice 2231.08 SOV  bob 2018.92 SOV
tick   93  height   101  final true  tx 8a77420937ad  alice 2231.07 SOV  bob 2018.93 SOV
tick   94  height   102  final true  tx ae9dc25fb573  alice 2231.06 SOV  bob 2018.94 SOV
tick   95  height   103  final true  tx 207b624bd036  alice 2231.05 SOV  bob 2018.95 SOV
tick   96  height   104  final true  tx 4c1e1278df4d  alice 2231.04 SOV  bob 2018.96 SOV
tick   97  height   105  final true  tx 817a863954e6  alice 2231.03 SOV  bob 2018.97 SOV
tick   98  height   106  final true  tx 867c11242ccb  alice 2231.02 SOV  bob 2018.98 SOV
tick   99  height   107  final true  tx 905bafd10ada  alice 2231.01 SOV  bob 2018.99 SOV
tick  100  height   108  final true  tx 55c8a5129b14  alice 2231 SOV  bob 2019 SOV
tick  101  height   109  final true  tx d162bbdf33c8  alice 2230.99 SOV  bob 2019.01 SOV
tick  102  height   110  final true  tx df5c43ff509e  alice 2230.98 SOV  bob 2019.02 SOV
tick  103  height   111  final true  tx 0bf1bfb3c947  alice 2230.97 SOV  bob 2019.03 SOV
tick  104  height   112  final true  tx f4d2026a6d88  alice 2230.96 SOV  bob 2019.04 SOV
tick  105  height   113  final true  tx f713c7a49179  alice 2230.95 SOV  bob 2019.05 SOV
tick  106  height   114  final true  tx 6ee64f5d177a  alice 2230.94 SOV  bob 2019.06 SOV
tick  107  height   115  final true  tx 9b92fcdb92ce  alice 2230.93 SOV  bob 2019.07 SOV
tick  108  height   116  final true  tx 5c446bd6bbc1  alice 2230.92 SOV  bob 2019.08 SOV
tick  109  height   117  final true  tx fd192af21ba4  alice 2230.91 SOV  bob 2019.09 SOV
tick  110  height   118  final true  tx 9b896c758157  alice 2230.9 SOV  bob 2019.1 SOV
tick  111  height   119  final true  tx 323a832d487f  alice 2230.89 SOV  bob 2019.11 SOV
tick  112  height   120  final true  tx ab30269c7035  alice 2230.88 SOV  bob 2019.12 SOV
tick  113  height   121  final true  tx b7f0bd8c50bf  alice 2230.87 SOV  bob 2019.13 SOV
tick  114  height   122  final true  tx 1e09d3c02851  alice 2230.86 SOV  bob 2019.14 SOV
tick  115  height   123  final true  tx 7286ed69468a  alice 2230.85 SOV  bob 2019.15 SOV
tick  116  height   124  final true  tx bc64f1944118  alice 2230.84 SOV  bob 2019.16 SOV
tick  117  height   125  final true  tx 6c54b8dc913f  alice 2230.83 SOV  bob 2019.17 SOV
tick  118  height   126  final true  tx 9b95bed2ddf0  alice 2230.82 SOV  bob 2019.18 SOV
tick  119  height   127  final true  tx de5666ff78c1  alice 2230.81 SOV  bob 2019.19 SOV
tick  120  height   128  final true  tx 6737367a8ad3  alice 2230.8 SOV  bob 2019.2 SOV
tick  121  height   129  final true  tx 08655f2881c2  alice 2230.79 SOV  bob 2019.21 SOV
tick  122  height   130  final true  tx 47083e7626cc  alice 2230.78 SOV  bob 2019.22 SOV
tick  123  height   131  final true  tx 918ca917bbc2  alice 2230.77 SOV  bob 2019.23 SOV
tick  124  height   132  final true  tx e22b4ddf58ff  alice 2230.76 SOV  bob 2019.24 SOV
tick  125  height   133  final true  tx c3aaabd43dad  alice 2230.75 SOV  bob 2019.25 SOV
tick  126  height   134  final true  tx c9585ea7769e  alice 2230.74 SOV  bob 2019.26 SOV
tick  127  height   135  final true  tx c9dc07fe6fd4  alice 2230.73 SOV  bob 2019.27 SOV
tick  128  height   136  final true  tx 24d8e6504c3d  alice 2230.72 SOV  bob 2019.28 SOV
tick  129  height   137  final true  tx eaf07a4d2a50  alice 2230.71 SOV  bob 2019.29 SOV
tick  130  height   138  final true  tx bc10431d87ea  alice 2230.7 SOV  bob 2019.3 SOV
tick  131  height   139  final true  tx 2bbb61893766  alice 2230.69 SOV  bob 2019.31 SOV
tick  132  height   140  final true  tx 84bb8031ba03  alice 2230.68 SOV  bob 2019.32 SOV
tick  133  height   141  final true  tx 6ab1aaf6538a  alice 2230.67 SOV  bob 2019.33 SOV
tick  134  height   142  final true  tx e540f3df14c9  alice 2230.66 SOV  bob 2019.34 SOV
tick  135  height   143  final true  tx 0a723b9f6db3  alice 2230.65 SOV  bob 2019.35 SOV
tick  136  height   144  final true  tx 254d93dfdb74  alice 2230.64 SOV  bob 2019.36 SOV
tick  137  height   145  final true  tx 6179c89104db  alice 2230.63 SOV  bob 2019.37 SOV
tick  138  height   146  final true  tx d1ba3bd9cb9b  alice 2230.62 SOV  bob 2019.38 SOV
tick  139  height   147  final true  tx 0dc8e0011841  alice 2230.61 SOV  bob 2019.39 SOV
tick  140  height   148  final true  tx d0c194d7e7b0  alice 2230.6 SOV  bob 2019.4 SOV
tick  141  height   149  final true  tx 34c6510ef292  alice 2230.59 SOV  bob 2019.41 SOV
tick  142  height   150  final true  tx 0016603d3fe1  alice 2230.58 SOV  bob 2019.42 SOV
tick  143  height   151  final true  tx e3a86adfe3e4  alice 2230.57 SOV  bob 2019.43 SOV
tick  144  height   152  final true  tx bca56b0ec18d  alice 2230.56 SOV  bob 2019.44 SOV
tick  145  height   153  final true  tx 43680633d4f3  alice 2230.55 SOV  bob 2019.45 SOV
tick  146  height   154  final true  tx 509fb1014323  alice 2230.54 SOV  bob 2019.46 SOV
tick  147  height   155  final true  tx f221d5c25fdc  alice 2230.53 SOV  bob 2019.47 SOV
tick  148  height   156  final true  tx 6f1b35eb75d7  alice 2230.52 SOV  bob 2019.48 SOV
tick  149  height   157  final true  tx 8e4658fb3804  alice 2230.51 SOV  bob 2019.49 SOV
tick  150  height   158  final true  tx a34a688155ba  alice 2230.5 SOV  bob 2019.5 SOV
tick  151  height   159  final true  tx 8469d32f3691  alice 2230.49 SOV  bob 2019.51 SOV
tick  152  height   160  final true  tx 693dabf97566  alice 2230.48 SOV  bob 2019.52 SOV
tick  153  height   161  final true  tx 8ec9ed02da90  alice 2230.47 SOV  bob 2019.53 SOV
tick  154  height   162  final true  tx bcb077fa752a  alice 2230.46 SOV  bob 2019.54 SOV
tick  155  height   163  final true  tx dc767119d50e  alice 2230.45 SOV  bob 2019.55 SOV
tick  156  height   164  final true  tx 401c7f8eea7f  alice 2230.44 SOV  bob 2019.56 SOV
tick  157  height   165  final true  tx 543cf58b5a44  alice 2230.43 SOV  bob 2019.57 SOV
tick  158  height   166  final true  tx b22b651d9fe3  alice 2230.42 SOV  bob 2019.58 SOV
tick  159  height   167  final true  tx e272e5a0da33  alice 2230.41 SOV  bob 2019.59 SOV
tick  160  height   168  final true  tx d453e60c8c83  alice 2230.4 SOV  bob 2019.6 SOV
tick  161  height   169  final true  tx 7b5174e2ba4d  alice 2230.39 SOV  bob 2019.61 SOV
tick  162  height   170  final true  tx c67cf02c7cae  alice 2230.38 SOV  bob 2019.62 SOV
tick  163  height   171  final true  tx 4ba034079c4a  alice 2230.37 SOV  bob 2019.63 SOV
tick  164  height   172  final true  tx 758d144ea156  alice 2230.36 SOV  bob 2019.64 SOV
tick  165  height   173  final true  tx 126ff0636b57  alice 2230.35 SOV  bob 2019.65 SOV
tick  166  height   174  final true  tx 489f9bad56fc  alice 2230.34 SOV  bob 2019.66 SOV
tick  167  height   175  final true  tx 674e15dca641  alice 2230.33 SOV  bob 2019.67 SOV
tick  168  height   176  final true  tx 95ee2f44bb00  alice 2230.32 SOV  bob 2019.68 SOV
tick  169  height   177  final true  tx ddadf4deb9d1  alice 2230.31 SOV  bob 2019.69 SOV
tick  170  height   178  final true  tx e43ea5d32c57  alice 2230.3 SOV  bob 2019.7 SOV
tick  171  height   179  final true  tx 70ae0653ee0d  alice 2230.29 SOV  bob 2019.71 SOV
tick  172  height   180  final true  tx 5d28bb9ac3f0  alice 2230.28 SOV  bob 2019.72 SOV
tick  173  height   181  final true  tx 9295dc88e8f2  alice 2230.27 SOV  bob 2019.73 SOV
tick  174  height   182  final true  tx 52c70ef77488  alice 2230.26 SOV  bob 2019.74 SOV
tick  175  height   183  final true  tx 0ae2632f90ad  alice 2230.25 SOV  bob 2019.75 SOV
tick  176  height   184  final true  tx 62c6a51943e8  alice 2230.24 SOV  bob 2019.76 SOV
tick  177  height   185  final true  tx 73d392eda495  alice 2230.23 SOV  bob 2019.77 SOV
tick  178  height   186  final true  tx faac0ec99ef7  alice 2230.22 SOV  bob 2019.78 SOV
tick  179  height   187  final true  tx 79730e103c62  alice 2230.21 SOV  bob 2019.79 SOV
tick  180  height   188  final true  tx 97ecb60c6c03  alice 2230.2 SOV  bob 2019.8 SOV
tick  181  height   189  final true  tx 0f5b900be3fa  alice 2230.19 SOV  bob 2019.81 SOV
tick  182  height   190  final true  tx 9c68d2978360  alice 2230.18 SOV  bob 2019.82 SOV
